<?xml version="1.0" encoding="UTF-8"?>
<!-- Generated by org.testng.reporters.JUnitReportReporter -->
<testsuite hostname="Manishs-MacBook-Pro.local" failures="0" tests="2" name="com.testng.demo.TestNGDemo.anno.MyTestClass2" time="0.015" errors="0" timestamp="2023-06-26T16:32:56 IST" skipped="0">
  <testcase classname="com.testng.demo.TestNGDemo.anno.MyTestClass2" name="myTestMethod4" time="0.012"/>
  <testcase classname="com.testng.demo.TestNGDemo.anno.MyTestClass2" name="myTestMethod3" time="0.003"/>
</testsuite> <!-- com.testng.demo.TestNGDemo.anno.MyTestClass2 -->
