<?xml version="1.0" encoding="UTF-8"?>
<!-- Generated by org.testng.reporters.JUnitReportReporter -->
<testsuite hostname="Manishs-MacBook-Pro.local" failures="0" tests="4" name="com.testng.demo.TestNGDemo.parameters.DataProviderDemo" time="0.012" errors="0" timestamp="2023-06-26T17:00:11 IST" skipped="0">
  <testcase classname="com.testng.demo.TestNGDemo.parameters.DataProviderDemo" name="FillLoginForm" time="0.002"/>
  <testcase classname="com.testng.demo.TestNGDemo.parameters.DataProviderDemo" name="FillLoginForm" time="0.006"/>
  <testcase classname="com.testng.demo.TestNGDemo.parameters.DataProviderDemo" name="FillLoginForm" time="0.002"/>
  <testcase classname="com.testng.demo.TestNGDemo.parameters.DataProviderDemo" name="FillLoginForm" time="0.002"/>
</testsuite> <!-- com.testng.demo.TestNGDemo.parameters.DataProviderDemo -->
