<?xml version="1.0" encoding="UTF-8"?>
<!-- Generated by org.testng.reporters.JUnitReportReporter -->
<testsuite hostname="Manishs-MacBook-Pro.local" failures="0" tests="3" name="com.testng.demo.TestNGDemo.CalculatorTest" time="0.017" errors="0" timestamp="2023-06-26T16:29:01 IST" skipped="1">
  <testcase classname="com.testng.demo.TestNGDemo.CalculatorTest" name="testAddReturnPositiveValue" time="0.012"/>
  <testcase classname="com.testng.demo.TestNGDemo.CalculatorTest" name="testSquareRootReturnPositiveValue" time="0.005"/>
  <testcase classname="com.testng.demo.TestNGDemo.CalculatorTest" name="testAddReturnNegativeValue">
    <skipped/>
  </testcase> <!-- testAddReturnNegativeValue -->
</testsuite> <!-- com.testng.demo.TestNGDemo.CalculatorTest -->
