<?xml version="1.0" encoding="UTF-8"?>
<!-- Generated by org.testng.reporters.JUnitReportReporter -->
<testsuite hostname="Manishs-MacBook-Pro.local" failures="0" tests="3" name="com.testng.demo.TestNGDemo.groups.GroupDemo" time="0.011" errors="0" timestamp="2023-06-26T16:54:09 IST" skipped="0">
  <testcase classname="com.testng.demo.TestNGDemo.groups.GroupDemo" name="Car2" time="0.001"/>
  <testcase classname="com.testng.demo.TestNGDemo.groups.GroupDemo" name="Car1" time="0.008"/>
  <testcase classname="com.testng.demo.TestNGDemo.groups.GroupDemo" name="Sedan1" time="0.002"/>
</testsuite> <!-- com.testng.demo.TestNGDemo.groups.GroupDemo -->
