<?xml version="1.0" encoding="UTF-8"?>
<!-- Generated by org.testng.reporters.JUnitReportReporter -->
<testsuite hostname="Manishs-MacBook-Pro.local" failures="0" tests="4" name="com.testng.demo.TestNGDemo.anno.MyTestClass1" time="0.014" errors="0" timestamp="2023-06-26T16:32:56 IST" skipped="0">
  <testcase classname="com.testng.demo.TestNGDemo.anno.MyTestClass1" name="myTestMethod1" time="0.006"/>
  <testcase classname="com.testng.demo.TestNGDemo.anno.MyTestClass1" name="myTestMethod2" time="0.003"/>
  <testcase classname="com.testng.demo.TestNGDemo.anno.MyTestClass1" name="myTestMethod2" time="0.002"/>
  <testcase classname="com.testng.demo.TestNGDemo.anno.MyTestClass1" name="myTestMethod1" time="0.003"/>
</testsuite> <!-- com.testng.demo.TestNGDemo.anno.MyTestClass1 -->
