<?xml version="1.0" encoding="UTF-8"?>
<!-- Generated by org.testng.reporters.JUnitReportReporter -->
<testsuite hostname="Manishs-MacBook-Pro.local" failures="0" tests="2" name="com.testng.demo.TestNGDemo.parameters.ParametersTesting" time="0.010" errors="0" timestamp="2023-06-26T16:58:28 IST" skipped="0">
  <testcase classname="com.testng.demo.TestNGDemo.parameters.ParametersTesting" name="OpenBrowser" time="0.002"/>
  <testcase classname="com.testng.demo.TestNGDemo.parameters.ParametersTesting" name="FillLoginForm" time="0.008"/>
</testsuite> <!-- com.testng.demo.TestNGDemo.parameters.ParametersTesting -->
