<?xml version="1.0" encoding="UTF-8"?>
<!-- Generated by org.testng.reporters.JUnitReportReporter -->
<testsuite hostname="Manishs-MacBook-Pro.local" failures="0" tests="1" name="com.selenium.SeleniumDemo.BasicDriverCommands" time="21.468" errors="0" timestamp="2023-06-27T15:10:00 IST" skipped="0">
  <testcase classname="com.selenium.SeleniumDemo.BasicDriverCommands" name="testDriverCommands" time="21.468"/>
</testsuite> <!-- com.selenium.SeleniumDemo.BasicDriverCommands -->
