<?xml version="1.0" encoding="UTF-8"?>
<!-- Generated by org.testng.reporters.JUnitReportReporter -->
<testsuite hostname="Manishs-MacBook-Pro.local" failures="0" tests="1" name="com.selenium.SeleniumDemo.TestFileUpload" time="11.633" errors="0" timestamp="2023-06-28T16:53:56 IST" skipped="0">
  <testcase classname="com.selenium.SeleniumDemo.TestFileUpload" name="testAlertClick" time="11.633"/>
</testsuite> <!-- com.selenium.SeleniumDemo.TestFileUpload -->
