<?xml version="1.0" encoding="UTF-8"?>
<!-- Generated by org.testng.reporters.JUnitReportReporter -->
<testsuite hostname="Manishs-MacBook-Pro.local" failures="0" tests="1" name="com.selenium.SeleniumDemo.DragAndDropDemo" time="10.956" errors="0" timestamp="2023-06-29T14:04:23 IST" skipped="0">
  <testcase classname="com.selenium.SeleniumDemo.DragAndDropDemo" name="testAlertClick" time="10.956"/>
</testsuite> <!-- com.selenium.SeleniumDemo.DragAndDropDemo -->
