<?xml version="1.0" encoding="UTF-8"?>
<!-- Generated by org.testng.reporters.JUnitReportReporter -->
<testsuite hostname="Manishs-MacBook-Pro.local" failures="0" tests="3" name="com.selenium.SeleniumDemo.ParallelExecutionDemo" time="97.996" errors="0" timestamp="2023-06-29T16:38:22 IST" skipped="0">
  <testcase classname="com.selenium.SeleniumDemo.ParallelExecutionDemo" name="executSessionOne" time="33.290"/>
  <testcase classname="com.selenium.SeleniumDemo.ParallelExecutionDemo" name="executSessionThree" time="31.502"/>
  <testcase classname="com.selenium.SeleniumDemo.ParallelExecutionDemo" name="executeSessionTwo" time="33.204"/>
</testsuite> <!-- com.selenium.SeleniumDemo.ParallelExecutionDemo -->
