<?xml version="1.0" encoding="UTF-8"?>
<!-- Generated by org.testng.reporters.JUnitReportReporter -->
<testsuite hostname="Manishs-MacBook-Pro.local" failures="0" tests="2" name="com.selenium.SeleniumDemo.TestLamdaTestSignUp" time="97.326" errors="0" timestamp="2023-06-27T17:11:45 IST" skipped="0">
  <testcase classname="com.selenium.SeleniumDemo.TestLamdaTestSignUp" name="testSignUpPageFillForm" time="49.232"/>
  <testcase classname="com.selenium.SeleniumDemo.TestLamdaTestSignUp" name="testClickOnSignUpLink" time="48.094"/>
</testsuite> <!-- com.selenium.SeleniumDemo.TestLamdaTestSignUp -->
