<?xml version="1.0" encoding="UTF-8"?>
<!-- Generated by org.testng.reporters.JUnitReportReporter -->
<testsuite hostname="Manishs-MacBook-Pro.local" failures="0" tests="1" name="com.selenium.SeleniumDemo.TableDemo" time="18.441" errors="0" timestamp="2023-06-29T16:06:42 IST" skipped="0">
  <testcase classname="com.selenium.SeleniumDemo.TableDemo" name="testAlertClick" time="18.441"/>
</testsuite> <!-- com.selenium.SeleniumDemo.TableDemo -->
