<?xml version="1.0" encoding="UTF-8"?>
<!-- Generated by org.testng.reporters.JUnitReportReporter -->
<testsuite hostname="Manishs-MacBook-Pro.local" failures="0" tests="1" name="com.selenium.SeleniumDemo.TestImageClick" time="32.515" errors="0" timestamp="2023-06-28T14:15:48 IST" skipped="0">
  <testcase classname="com.selenium.SeleniumDemo.TestImageClick" name="testImageClick" time="32.515"/>
</testsuite> <!-- com.selenium.SeleniumDemo.TestImageClick -->
