<?xml version="1.0" encoding="UTF-8"?>
<!-- Generated by org.testng.reporters.JUnitReportReporter -->
<testsuite hostname="Manishs-MacBook-Pro.local" failures="0" tests="1" name="com.selenium.SeleniumDemo.CloseVsQuit" time="22.756" errors="0" timestamp="2023-06-27T15:14:53 IST" skipped="0">
  <testcase classname="com.selenium.SeleniumDemo.CloseVsQuit" name="testDriverCommands" time="22.756"/>
</testsuite> <!-- com.selenium.SeleniumDemo.CloseVsQuit -->
