<?xml version="1.0" encoding="UTF-8"?>
<!-- Generated by org.testng.reporters.JUnitReportReporter -->
<testsuite hostname="Manishs-MacBook-Pro.local" failures="0" tests="1" name="com.selenium.SeleniumDemo.TestFindByDemo" time="26.560" errors="0" timestamp="2023-06-27T15:33:14 IST" skipped="0">
  <testcase classname="com.selenium.SeleniumDemo.TestFindByDemo" name="testDriverCommands" time="26.560"/>
</testsuite> <!-- com.selenium.SeleniumDemo.TestFindByDemo -->
