<?xml version="1.0" encoding="UTF-8"?>
<!-- Generated by org.testng.reporters.JUnitReportReporter -->
<testsuite hostname="Manishs-MacBook-Pro.local" failures="0" tests="1" name="com.selenium.SeleniumDemo.JavascriptSyncExecutorDemo" time="19.003" errors="0" timestamp="2023-06-29T14:53:14 IST" skipped="0">
  <testcase classname="com.selenium.SeleniumDemo.JavascriptSyncExecutorDemo" name="testAlertClick" time="19.003"/>
</testsuite> <!-- com.selenium.SeleniumDemo.JavascriptSyncExecutorDemo -->
