<?xml version="1.0" encoding="UTF-8"?>
<!-- Generated by org.testng.reporters.JUnitReportReporter -->
<testsuite hostname="Manishs-MacBook-Pro.local" failures="0" tests="1" name="com.selenium.SeleniumDemo.TestHoverdemo" time="18.018" errors="0" timestamp="2023-06-28T17:07:24 IST" skipped="0">
  <testcase classname="com.selenium.SeleniumDemo.TestHoverdemo" name="testAlertClick" time="18.018"/>
</testsuite> <!-- com.selenium.SeleniumDemo.TestHoverdemo -->
