<?xml version="1.0" encoding="UTF-8"?>
<!-- Generated by org.testng.reporters.JUnitReportReporter -->
<testsuite hostname="Manishs-MacBook-Pro.local" failures="0" tests="1" name="com.selenium.SeleniumDemo.TestSwitchWindow" time="41.249" errors="0" timestamp="2023-06-28T15:06:09 IST" skipped="0">
  <testcase classname="com.selenium.SeleniumDemo.TestSwitchWindow" name="testAlertClick" time="41.249"/>
</testsuite> <!-- com.selenium.SeleniumDemo.TestSwitchWindow -->
