<?xml version="1.0" encoding="UTF-8"?>
<!-- Generated by org.testng.reporters.JUnitReportReporter -->
<testsuite hostname="Manishs-MacBook-Pro.local" failures="0" tests="1" name="com.selenium.SeleniumDemo.TestFindByXpath" time="12.495" errors="0" timestamp="2023-06-27T16:46:01 IST" skipped="0">
  <testcase classname="com.selenium.SeleniumDemo.TestFindByXpath" name="testDriverCommands" time="12.495"/>
</testsuite> <!-- com.selenium.SeleniumDemo.TestFindByXpath -->
