<?xml version="1.0" encoding="UTF-8"?>
<!-- Generated by org.testng.reporters.JUnitReportReporter -->
<testsuite hostname="Manishs-MacBook-Pro.local" failures="0" tests="1" name="com.selenium.SeleniumDemo.TakeSnapShotDemo" time="108.869" errors="0" timestamp="2023-06-29T16:28:29 IST" skipped="0">
  <testcase classname="com.selenium.SeleniumDemo.TakeSnapShotDemo" name="testAlertClick" time="108.869"/>
</testsuite> <!-- com.selenium.SeleniumDemo.TakeSnapShotDemo -->
