<?xml version="1.0" encoding="UTF-8"?>
<!-- Generated by org.testng.reporters.JUnitReportReporter -->
<testsuite hostname="Manishs-MacBook-Pro.local" failures="0" tests="1" name="com.selenium.SeleniumDemo.JavascriptASyncExecutorDemo" time="18.402" errors="0" timestamp="2023-06-29T15:11:24 IST" skipped="0">
  <testcase classname="com.selenium.SeleniumDemo.JavascriptASyncExecutorDemo" name="testAlertClick" time="18.402"/>
</testsuite> <!-- com.selenium.SeleniumDemo.JavascriptASyncExecutorDemo -->
