<?xml version="1.0" encoding="UTF-8"?>
<!-- Generated by org.testng.reporters.JUnitReportReporter -->
<testsuite hostname="Manishs-MacBook-Pro.local" failures="0" tests="1" name="com.selenium.SeleniumDemo.TestDialogBoxes" time="25.088" errors="0" timestamp="2023-06-28T14:50:50 IST" skipped="0">
  <testcase classname="com.selenium.SeleniumDemo.TestDialogBoxes" name="testAlertClick" time="25.088"/>
</testsuite> <!-- com.selenium.SeleniumDemo.TestDialogBoxes -->
